2025-12-17 22:40:06,333 - INFO - Поиск дежурных на 17.12.2025
2025-12-17 22:40:06,333 - INFO - Используется HTML файл: /home/abab/BFT/duty/453699053.html
2025-12-17 22:40:06,333 - INFO - Чтение HTML файла: /home/abab/BFT/duty/453699053.html
2025-12-17 22:40:06,333 - INFO - HTML файл успешно прочитан
2025-12-17 22:40:06,353 - INFO - Найдена колонка с датой 17 (индекс 16, текст: '17')
2025-12-17 22:40:06,355 - INFO - Найдено дежурных: основной - 1, резервный - 1
2025-12-17 22:40:06,355 - INFO - Основные дежурные: Набатов А.С.
2025-12-17 22:40:06,355 - INFO - Резервные дежурные: Абакаров А.Р.
2025-12-17 22:40:06,355 - INFO - Сформировано сообщение:
Сегодня 17.12.2025 дежурные:
Основной: Набатов А.С.
Резервный: Абакаров А.Р.
2025-12-17 22:40:06,355 - INFO - Отправка сообщения в YuChat...
2025-12-17 22:40:06,912 - INFO - Сообщение успешно отправлено в YuChat (messageId: nKbJDPtTbV)
2025-12-17 22:40:06,913 - INFO - Скрипт выполнен успешно
2025-12-17 22:56:27,132 - ERROR - Критическая ошибка: cannot access local variable 'today' where it is not associated with a value
Traceback (most recent call last):
  File "/home/abab/BFT/duty/duty_notifier.py", line 342, in <module>
    main()
  File "/home/abab/BFT/duty/duty_notifier.py", line 279, in main
    month_str = today.strftime("%m.%Y")
                ^^^^^
UnboundLocalError: cannot access local variable 'today' where it is not associated with a value
2025-12-17 22:56:47,671 - INFO - Автоматический поиск HTML файла для месяца 12.2025...
2025-12-17 22:56:47,671 - INFO - Найден файл: 453699053.html
2025-12-17 22:56:47,671 - INFO - Поиск дежурных на 17.12.2025
2025-12-17 22:56:47,671 - INFO - Используется HTML файл: /home/abab/BFT/duty/453699053.html
2025-12-17 22:56:47,671 - INFO - Чтение HTML файла: /home/abab/BFT/duty/453699053.html
2025-12-17 22:56:47,671 - INFO - HTML файл успешно прочитан
2025-12-17 22:56:47,688 - INFO - Найдена колонка с датой 17 (индекс 16, текст: '17')
2025-12-17 22:56:47,690 - INFO - Найдено дежурных: основной - 1, резервный - 1
2025-12-17 22:56:47,690 - INFO - Основные дежурные: Трембач В.В.
2025-12-17 22:56:47,690 - INFO - Резервные дежурные: Абакаров А.Р.
2025-12-17 22:56:47,690 - INFO - Сформировано сообщение:
Сегодня 17.12.2025 дежурные:
Основной: Трембач В.В.
Резервный: Абакаров А.Р.
2025-12-17 22:56:47,690 - INFO - Отправка сообщения в YuChat...
2025-12-17 22:56:47,786 - INFO - Сообщение успешно отправлено в YuChat (messageId: nKcV7fcdbk)
2025-12-17 22:56:47,787 - INFO - Скрипт выполнен успешно
2026-01-12 17:06:09,644 - INFO - Автоматический поиск HTML файла для месяца 01.2026...
2026-01-12 17:06:09,644 - INFO - Найден файл: 453699058.html
2026-01-12 17:06:09,644 - INFO - Поиск дежурных на 12.01.2026
2026-01-12 17:06:09,644 - INFO - Используется HTML файл: /home/abab/BFT/duty/453699058.html
2026-01-12 17:06:09,644 - INFO - Чтение HTML файла: /home/abab/BFT/duty/453699058.html
2026-01-12 17:06:09,645 - INFO - HTML файл успешно прочитан
2026-01-12 17:06:09,653 - INFO - Найдена колонка с датой 12 (индекс 11, текст: '12')
2026-01-12 17:06:09,654 - INFO - Найдено дежурных: основной - 1, резервный - 1
2026-01-12 17:06:09,655 - INFO - Основные дежурные: Абакаров А.Р.
2026-01-12 17:06:09,655 - INFO - Резервные дежурные: Трембач В.В.
2026-01-12 17:06:09,655 - INFO - Сформировано сообщение:
Сегодня 12.01.2026 дежурные:
Основной: Абакаров А.Р.
Резервный: Трембач В.В.
2026-01-12 17:06:09,655 - INFO - Отправка сообщения в YuChat...
2026-01-12 17:06:10,376 - INFO - Сообщение успешно отправлено в YuChat (messageId: o1Mwje7O66)
2026-01-12 17:06:10,377 - INFO - Скрипт выполнен успешно
2026-01-14 09:29:11,112 - INFO - Автоматический поиск HTML файла для месяца 01.2026...
2026-01-14 09:29:11,112 - INFO - Найден файл: 453699058.html
2026-01-14 09:29:11,112 - INFO - Поиск дежурных на 14.01.2026
2026-01-14 09:29:11,112 - INFO - Используется HTML файл: /home/abab/BFT/duty/453699058.html
2026-01-14 09:29:11,112 - INFO - Чтение HTML файла: /home/abab/BFT/duty/453699058.html
2026-01-14 09:29:11,113 - INFO - HTML файл успешно прочитан
2026-01-14 09:29:11,124 - INFO - Найдена колонка с датой 14 (индекс 13, текст: '14')
2026-01-14 09:29:11,125 - INFO - Найдено дежурных: основной - 1, резервный - 1
2026-01-14 09:29:11,125 - INFO - Основные дежурные: Трембач В.В.
2026-01-14 09:29:11,125 - INFO - Резервные дежурные: Набатов А.С.
2026-01-14 09:29:11,125 - INFO - Сформировано сообщение:
Сегодня 14.01.2026 дежурные:
Основной: Трембач В.В.
Резервный: Набатов А.С.
2026-01-14 09:29:11,125 - INFO - Отправка сообщения в YuChat...
2026-01-14 09:29:11,254 - INFO - Сообщение успешно отправлено в YuChat (messageId: o4A66mDefR)
2026-01-14 09:29:11,258 - INFO - Скрипт выполнен успешно
2026-01-16 08:58:08,371 - INFO - Автоматический поиск HTML файла для месяца 01.2026...
2026-01-16 08:58:08,371 - INFO - Найден файл: 453699058.html
2026-01-16 08:58:08,371 - INFO - Поиск дежурных на 16.01.2026
2026-01-16 08:58:08,371 - INFO - Используется HTML файл: /home/abab/BFT/duty/453699058.html
2026-01-16 08:58:08,371 - INFO - Чтение HTML файла: /home/abab/BFT/duty/453699058.html
2026-01-16 08:58:08,371 - INFO - HTML файл успешно прочитан
2026-01-16 08:58:08,385 - INFO - Найдена колонка с датой 16 (индекс 15, текст: '16')
2026-01-16 08:58:08,386 - INFO - Найдено дежурных: основной - 1, резервный - 1
2026-01-16 08:58:08,387 - INFO - Основные дежурные: Трембач В.В.
2026-01-16 08:58:08,387 - INFO - Резервные дежурные: Абакаров А.Р.
2026-01-16 08:58:08,387 - INFO - Сформировано сообщение:
Сегодня 16.01.2026 дежурные:
Основной: Трембач В.В.
Резервный: Абакаров А.Р.
2026-01-16 08:58:08,387 - INFO - Отправка сообщения в YuChat...
2026-01-16 08:58:08,608 - INFO - Сообщение успешно отправлено в YuChat (messageId: o7RgdmNCtM)
2026-01-16 08:58:08,609 - INFO - Скрипт выполнен успешно
2026-01-19 08:37:15,783 - INFO - Автоматический поиск HTML файла для месяца 01.2026...
2026-01-19 08:37:15,784 - INFO - Найден файл: 453699058.html
2026-01-19 08:37:15,784 - INFO - Поиск дежурных на 19.01.2026
2026-01-19 08:37:15,784 - INFO - Используется HTML файл: /home/abab/BFT/duty/453699058.html
2026-01-19 08:37:15,784 - INFO - Чтение HTML файла: /home/abab/BFT/duty/453699058.html
2026-01-19 08:37:15,784 - INFO - HTML файл успешно прочитан
2026-01-19 08:37:15,793 - INFO - Найдена колонка с датой 19 (индекс 18, текст: '19')
2026-01-19 08:37:15,794 - INFO - Найдено дежурных: основной - 1, резервный - 1
2026-01-19 08:37:15,794 - INFO - Основные дежурные: Натров В.В.
2026-01-19 08:37:15,794 - INFO - Резервные дежурные: Трембач В.В.
2026-01-19 08:37:15,794 - INFO - Сформировано сообщение:
Сегодня 19.01.2026 дежурные:
Основной: Натров В.В.
Резервный: Трембач В.В.
2026-01-19 08:37:15,794 - INFO - Отправка сообщения в YuChat...
2026-01-19 08:37:15,907 - INFO - Сообщение успешно отправлено в YuChat (messageId: oCOuGgNLNq)
2026-01-19 08:37:15,909 - INFO - Скрипт выполнен успешно
2026-01-20 09:30:36,797 - INFO - Автоматический поиск HTML файла для месяца 01.2026...
2026-01-20 09:30:36,798 - INFO - Найден файл: 453699058.html
2026-01-20 09:30:36,798 - INFO - Поиск дежурных на 20.01.2026
2026-01-20 09:30:36,798 - INFO - Используется HTML файл: /home/abab/BFT/duty/453699058.html
2026-01-20 09:30:36,798 - INFO - Чтение HTML файла: /home/abab/BFT/duty/453699058.html
2026-01-20 09:30:36,798 - INFO - HTML файл успешно прочитан
2026-01-20 09:30:36,807 - INFO - Найдена колонка с датой 20 (индекс 19, текст: '20')
2026-01-20 09:30:36,808 - INFO - Найдено дежурных: основной - 1, резервный - 1
2026-01-20 09:30:36,808 - INFO - Основные дежурные: Набатов А.С.
2026-01-20 09:30:36,808 - INFO - Резервные дежурные: Абакаров А.Р.
2026-01-20 09:30:36,808 - INFO - Сформировано сообщение:
Сегодня 20.01.2026 дежурные:
Основной: Набатов А.С.
Резервный: Абакаров А.Р.
2026-01-20 09:30:36,808 - INFO - Отправка сообщения в YuChat...
2026-01-20 09:30:36,930 - INFO - Сообщение успешно отправлено в YuChat (messageId: oE7cgZSvXG)
2026-01-20 09:30:36,932 - INFO - Скрипт выполнен успешно
2026-01-21 09:27:52,071 - INFO - Автоматический поиск HTML файла для месяца 01.2026...
2026-01-21 09:27:52,071 - INFO - Найден файл: 453699058.html
2026-01-21 09:27:52,071 - INFO - Поиск дежурных на 21.01.2026
2026-01-21 09:27:52,072 - INFO - Используется HTML файл: /home/abab/BFT/duty/453699058.html
2026-01-21 09:27:52,072 - INFO - Чтение HTML файла: /home/abab/BFT/duty/453699058.html
2026-01-21 09:27:52,072 - INFO - HTML файл успешно прочитан
2026-01-21 09:27:52,082 - INFO - Найдена колонка с датой 21 (индекс 20, текст: '21')
2026-01-21 09:27:52,083 - INFO - Найдено дежурных: основной - 1, резервный - 1
2026-01-21 09:27:52,083 - INFO - Основные дежурные: Трембач В.В.
2026-01-21 09:27:52,083 - INFO - Резервные дежурные: Ильинский А.Д.
2026-01-21 09:27:52,083 - INFO - Сформировано сообщение:
Сегодня 21.01.2026 дежурные:
Основной: Трембач В.В.
Резервный: Ильинский А.Д.
2026-01-21 09:27:52,083 - INFO - Отправка сообщения в YuChat...
2026-01-21 09:27:52,086 - ERROR - Ошибка запроса к YuChat: HTTPSConnectionPool(host='chat-api.bft.ru', port=443): Max retries exceeded with url: /public/v1/chat.message.send (Caused by NameResolutionError("<urllib3.connection.HTTPSConnection object at 0x7e7e257ce600>: Failed to resolve 'chat-api.bft.ru' ([Errno -2] Name or service not known)"))
2026-01-21 09:27:52,086 - ERROR - Ошибка отправки сообщения
2026-01-21 09:57:22,220 - INFO - Автоматический поиск HTML файла для месяца 01.2026...
2026-01-21 09:57:22,221 - INFO - Найден файл: 453699058.html
2026-01-21 09:57:22,221 - INFO - Поиск дежурных на 21.01.2026
2026-01-21 09:57:22,221 - INFO - Используется HTML файл: /home/abab/BFT/duty/453699058.html
2026-01-21 09:57:22,221 - INFO - Чтение HTML файла: /home/abab/BFT/duty/453699058.html
2026-01-21 09:57:22,221 - INFO - HTML файл успешно прочитан
2026-01-21 09:57:22,233 - INFO - Найдена колонка с датой 21 (индекс 20, текст: '21')
2026-01-21 09:57:22,234 - INFO - Найдено дежурных: основной - 1, резервный - 1
2026-01-21 09:57:22,234 - INFO - Основные дежурные: Трембач В.В.
2026-01-21 09:57:22,234 - INFO - Резервные дежурные: Ильинский А.Д.
2026-01-21 09:57:22,234 - INFO - Сформировано сообщение:
Сегодня 21.01.2026 дежурные:
Основной: Трембач В.В.
Резервный: Ильинский А.Д.
2026-01-21 09:57:22,234 - INFO - Отправка сообщения в YuChat...
2026-01-21 09:57:22,236 - ERROR - Ошибка запроса к YuChat: HTTPSConnectionPool(host='chat-api.bft.ru', port=443): Max retries exceeded with url: /public/v1/chat.message.send (Caused by NameResolutionError("<urllib3.connection.HTTPSConnection object at 0x79aaa99d2a80>: Failed to resolve 'chat-api.bft.ru' ([Errno -2] Name or service not known)"))
2026-01-21 09:57:22,236 - ERROR - Ошибка отправки сообщения
2026-01-21 10:24:52,579 - INFO - Автоматический поиск HTML файла для месяца 01.2026...
2026-01-21 10:24:52,580 - INFO - Найден файл: 453699058.html
2026-01-21 10:24:52,580 - INFO - Поиск дежурных на 21.01.2026
2026-01-21 10:24:52,580 - INFO - Используется HTML файл: /home/abab/BFT/duty/453699058.html
2026-01-21 10:24:52,580 - INFO - Чтение HTML файла: /home/abab/BFT/duty/453699058.html
2026-01-21 10:24:52,580 - INFO - HTML файл успешно прочитан
2026-01-21 10:24:52,588 - INFO - Найдена колонка с датой 21 (индекс 20, текст: '21')
2026-01-21 10:24:52,589 - INFO - Найдено дежурных: основной - 1, резервный - 1
2026-01-21 10:24:52,589 - INFO - Основные дежурные: Трембач В.В.
2026-01-21 10:24:52,589 - INFO - Резервные дежурные: Ильинский А.Д.
2026-01-21 10:24:52,589 - INFO - Сформировано сообщение:
Сегодня 21.01.2026 дежурные:
Основной: Трембач В.В.
Резервный: Ильинский А.Д.
2026-01-21 10:24:52,590 - INFO - Отправка сообщения в YuChat...
2026-01-21 10:24:52,591 - ERROR - Ошибка запроса к YuChat: HTTPSConnectionPool(host='chat-api.bft.ru', port=443): Max retries exceeded with url: /public/v1/chat.message.send (Caused by NameResolutionError("<urllib3.connection.HTTPSConnection object at 0x790f13fca1b0>: Failed to resolve 'chat-api.bft.ru' ([Errno -2] Name or service not known)"))
2026-01-21 10:24:52,591 - ERROR - Ошибка отправки сообщения
2026-01-22 08:58:06,890 - INFO - Автоматический поиск HTML файла для месяца 01.2026...
2026-01-22 08:58:06,890 - INFO - Найден файл: 453699058.html
2026-01-22 08:58:06,891 - INFO - Поиск дежурных на 22.01.2026
2026-01-22 08:58:06,891 - INFO - Используется HTML файл: /home/abab/BFT/duty/453699058.html
2026-01-22 08:58:06,891 - INFO - Чтение HTML файла: /home/abab/BFT/duty/453699058.html
2026-01-22 08:58:06,891 - INFO - HTML файл успешно прочитан
2026-01-22 08:58:06,903 - INFO - Найдена колонка с датой 22 (индекс 21, текст: '22')
2026-01-22 08:58:06,904 - INFO - Найдено дежурных: основной - 1, резервный - 1
2026-01-22 08:58:06,904 - INFO - Основные дежурные: Абакаров А.Р.
2026-01-22 08:58:06,904 - INFO - Резервные дежурные: Натров В.В.
2026-01-22 08:58:06,904 - INFO - Сформировано сообщение:
Сегодня 22.01.2026 дежурные:
Основной: Абакаров А.Р.
Резервный: Натров В.В.
2026-01-22 08:58:06,904 - INFO - Отправка сообщения в YuChat...
2026-01-22 08:58:06,907 - ERROR - Ошибка запроса к YuChat: HTTPSConnectionPool(host='chat-api.bft.ru', port=443): Max retries exceeded with url: /public/v1/chat.message.send (Caused by NameResolutionError("<urllib3.connection.HTTPSConnection object at 0x7744521e1c70>: Failed to resolve 'chat-api.bft.ru' ([Errno -2] Name or service not known)"))
2026-01-22 08:58:06,907 - ERROR - Ошибка отправки сообщения
